2025-01-15 12:57:18 0 [Note] Starting MariaDB 10.6.20-MariaDB source revision f00711bba2cd383825d0be1867f7d7d7f641c9e4 server_uid mmk0Cek2F2Utp25tIGo7giOha1A= as process 28336
2025-01-15 12:57:18 0 [Note] InnoDB: Compressed tables use zlib 1.3.1
2025-01-15 12:57:18 0 [Note] InnoDB: Number of pools: 1
2025-01-15 12:57:18 0 [Note] InnoDB: Using crc32 + pclmulqdq instructions
2025-01-15 12:57:18 0 [Note] InnoDB: Initializing buffer pool, total size = 4294967296, chunk size = 134217728
2025-01-15 12:57:18 0 [Note] InnoDB: Completed initialization of buffer pool
2025-01-15 12:57:18 0 [Note] InnoDB: 128 rollback segments are active.
2025-01-15 12:57:18 0 [Note] InnoDB: Creating shared tablespace for temporary tables
2025-01-15 12:57:18 0 [Note] InnoDB: Setting file './ibtmp1' size to 12 MB. Physically writing the file full; Please wait ...
2025-01-15 12:57:18 0 [Note] InnoDB: File './ibtmp1' size is now 12 MB.
2025-01-15 12:57:18 0 [Note] InnoDB: 10.6.20 started; log sequence number 42486; transaction id 14
2025-01-15 12:57:18 0 [Note] Plugin 'FEEDBACK' is disabled.
2025-01-15 12:57:18 0 [Note] InnoDB: Loading buffer pool(s) from C:\Program Files\MariaDB 10.6\data\ib_buffer_pool
2025-01-15 12:57:18 0 [Note] InnoDB: Buffer pool(s) load completed at 250115 12:57:18
2025-01-15 12:57:18 0 [Note] Server socket created on IP: '::'.
2025-01-15 12:57:18 0 [Note] Server socket created on IP: '0.0.0.0'.
2025-01-15 12:57:18 0 [Note] C:\Program Files\MariaDB 10.6\bin\mysqld.exe: ready for connections.
Version: '10.6.20-MariaDB'  socket: ''  port: 3307  mariadb.org binary distribution
2025-01-15 13:17:31 8 [Warning] Access denied for user 'test1234'@'localhost' (using password: YES)
2025-01-15 13:17:39 9 [Warning] Access denied for user 'test1234'@'localhost' (using password: YES)
2025-01-15 13:17:50 11 [Warning] Access denied for user 'root'@'localhost' (using password: NO)
2025-01-15 13:18:22 16 [Warning] Access denied for user 'root'@'localhost' (using password: NO)
2025-01-15 13:22:44 20 [Warning] Access denied for user 'root'@'localhost' (using password: NO)
2025-01-15 13:25:42 19 [Warning] Aborted connection 19 to db: 'mydb' user: 'root' host: 'localhost' (Got an error reading communication packets)
2025-01-15 13:26:59 7 [Warning] Aborted connection 7 to db: 'mydb' user: 'root' host: 'localhost' (Got an error reading communication packets)
2025-01-15 13:50:25 17 [Warning] Aborted connection 17 to db: 'mydb' user: 'root' host: 'localhost' (Got an error reading communication packets)
2025-01-15 14:34:18 22 [Warning] Aborted connection 22 to db: 'mydb' user: 'root' host: 'localhost' (Got an error reading communication packets)
2025-01-15 14:34:18 21 [Warning] Aborted connection 21 to db: 'mydb' user: 'root' host: 'localhost' (Got an error reading communication packets)
2025-01-15 14:34:18 18 [Warning] Aborted connection 18 to db: 'mydb' user: 'root' host: 'localhost' (Got an error reading communication packets)
2025-01-15 14:37:46 0 [Note] Windows service "MariaDB":  received SERVICE_CONTROL_SHUTDOWN
2025-01-15 14:37:46 0 [Note] C:\Program Files\MariaDB 10.6\bin\mysqld.exe (initiated by: unknown): Normal shutdown
2025-01-15 14:37:46 0 [Note] InnoDB: FTS optimize thread exiting.
2025-01-15 14:37:46 0 [Note] InnoDB: Starting shutdown...
2025-01-15 14:37:46 0 [Note] InnoDB: Dumping buffer pool(s) to C:\Program Files\MariaDB 10.6\data\ib_buffer_pool
2025-01-15 14:37:46 0 [Note] InnoDB: Buffer pool(s) dump completed at 250115 14:37:46
2025-01-15 14:37:46 0 [Note] InnoDB: Removed temporary tablespace data file: "./ibtmp1"
2025-01-15 14:37:49 0 [Note] InnoDB: Shutdown completed; log sequence number 47513; transaction id 23
2025-01-15 14:37:49 0 [Note] C:\Program Files\MariaDB 10.6\bin\mysqld.exe: Shutdown complete

2025-01-15 14:38:24 0 [Note] Starting MariaDB 10.6.20-MariaDB source revision f00711bba2cd383825d0be1867f7d7d7f641c9e4 server_uid mmk0Cek2F2Utp25tIGo7giOha1A= as process 7688
2025-01-15 14:38:24 0 [Note] InnoDB: Compressed tables use zlib 1.3.1
2025-01-15 14:38:24 0 [Note] InnoDB: Number of pools: 1
2025-01-15 14:38:24 0 [Note] InnoDB: Using crc32 + pclmulqdq instructions
2025-01-15 14:38:24 0 [Note] InnoDB: Initializing buffer pool, total size = 4294967296, chunk size = 134217728
2025-01-15 14:38:24 0 [Note] InnoDB: Completed initialization of buffer pool
2025-01-15 14:38:24 0 [Note] InnoDB: 128 rollback segments are active.
2025-01-15 14:38:24 0 [Note] InnoDB: Creating shared tablespace for temporary tables
2025-01-15 14:38:24 0 [Note] InnoDB: Setting file './ibtmp1' size to 12 MB. Physically writing the file full; Please wait ...
2025-01-15 14:38:24 0 [Note] InnoDB: File './ibtmp1' size is now 12 MB.
2025-01-15 14:38:24 0 [Note] InnoDB: 10.6.20 started; log sequence number 47513; transaction id 24
2025-01-15 14:38:24 0 [Note] Plugin 'FEEDBACK' is disabled.
2025-01-15 14:38:24 0 [Note] InnoDB: Loading buffer pool(s) from C:\Program Files\MariaDB 10.6\data\ib_buffer_pool
2025-01-15 14:38:24 0 [Note] InnoDB: Buffer pool(s) load completed at 250115 14:38:24
2025-01-15 14:38:24 0 [Note] Server socket created on IP: '::'.
2025-01-15 14:38:24 0 [Note] Server socket created on IP: '0.0.0.0'.
2025-01-15 14:38:24 0 [Note] C:\Program Files\MariaDB 10.6\bin\mysqld.exe: ready for connections.
Version: '10.6.20-MariaDB'  socket: ''  port: 3307  mariadb.org binary distribution
2025-01-15 14:39:11 0 [Note] Windows service "MariaDB":  received SERVICE_CONTROL_SHUTDOWN
2025-01-15 14:39:11 0 [Note] C:\Program Files\MariaDB 10.6\bin\mysqld.exe (initiated by: unknown): Normal shutdown
2025-01-15 14:39:11 0 [Note] InnoDB: FTS optimize thread exiting.
2025-01-15 14:39:11 0 [Note] InnoDB: Starting shutdown...
2025-01-15 14:39:11 0 [Note] InnoDB: Dumping buffer pool(s) to C:\Program Files\MariaDB 10.6\data\ib_buffer_pool
2025-01-15 14:39:11 0 [Note] InnoDB: Buffer pool(s) dump completed at 250115 14:39:11
2025-01-15 14:39:11 0 [Note] InnoDB: Removed temporary tablespace data file: "./ibtmp1"
2025-01-15 14:39:11 0 [Note] InnoDB: Shutdown completed; log sequence number 47525; transaction id 25
2025-01-15 14:39:11 0 [Note] C:\Program Files\MariaDB 10.6\bin\mysqld.exe: Shutdown complete

2025-01-15 14:39:37 0 [Note] Starting MariaDB 10.6.20-MariaDB source revision f00711bba2cd383825d0be1867f7d7d7f641c9e4 server_uid mmk0Cek2F2Utp25tIGo7giOha1A= as process 5632
2025-01-15 14:39:37 0 [Note] InnoDB: Compressed tables use zlib 1.3.1
2025-01-15 14:39:37 0 [Note] InnoDB: Number of pools: 1
2025-01-15 14:39:37 0 [Note] InnoDB: Using crc32 + pclmulqdq instructions
2025-01-15 14:39:37 0 [Note] InnoDB: Initializing buffer pool, total size = 4294967296, chunk size = 134217728
2025-01-15 14:39:37 0 [Note] InnoDB: Completed initialization of buffer pool
2025-01-15 14:39:37 0 [Note] InnoDB: 128 rollback segments are active.
2025-01-15 14:39:38 0 [Note] InnoDB: Creating shared tablespace for temporary tables
2025-01-15 14:39:38 0 [Note] InnoDB: Setting file './ibtmp1' size to 12 MB. Physically writing the file full; Please wait ...
2025-01-15 14:39:38 0 [Note] InnoDB: File './ibtmp1' size is now 12 MB.
2025-01-15 14:39:38 0 [Note] InnoDB: 10.6.20 started; log sequence number 47525; transaction id 24
2025-01-15 14:39:38 0 [Note] Plugin 'FEEDBACK' is disabled.
2025-01-15 14:39:38 0 [Note] InnoDB: Loading buffer pool(s) from C:\Program Files\MariaDB 10.6\data\ib_buffer_pool
2025-01-15 14:39:38 0 [Note] InnoDB: Buffer pool(s) load completed at 250115 14:39:38
2025-01-15 14:39:38 0 [Note] Server socket created on IP: '::'.
2025-01-15 14:39:38 0 [Note] Server socket created on IP: '0.0.0.0'.
2025-01-15 14:39:38 0 [Note] C:\Program Files\MariaDB 10.6\bin\mysqld.exe: ready for connections.
Version: '10.6.20-MariaDB'  socket: ''  port: 3307  mariadb.org binary distribution
2025-01-15 17:36:13 7 [Warning] Aborted connection 7 to db: 'mydb' user: 'root' host: 'localhost' (Got an error reading communication packets)
2025-01-15 18:32:51 11 [Warning] Aborted connection 11 to db: 'mydb' user: 'root' host: 'localhost' (Got an error reading communication packets)
2025-01-15 19:21:17 15 [Warning] Access denied for user 'root'@'localhost' (using password: NO)
2025-01-15 19:55:21 87 [Warning] Access denied for user 'root'@'localhost' (using password: NO)
2025-01-16  1:05:06 3 [Warning] Aborted connection 3 to db: 'unconnected' user: 'root' host: 'localhost' (Got timeout reading communication packets)
2025-01-16  3:48:08 4 [Warning] Aborted connection 4 to db: 'unconnected' user: 'root' host: 'localhost' (Got timeout reading communication packets)
2025-01-16  3:58:37 5 [Warning] Aborted connection 5 to db: 'mydb' user: 'root' host: 'localhost' (Got timeout reading communication packets)
2025-01-16 19:51:34 173 [Warning] Aborted connection 173 to db: 'mydb' user: 'root' host: 'localhost' (Got an error reading communication packets)
2025-01-16 19:51:34 161 [Warning] Aborted connection 161 to db: 'mydb' user: 'root' host: 'localhost' (Got an error reading communication packets)
2025-01-16 19:51:34 178 [Warning] Aborted connection 178 to db: 'mydb' user: 'root' host: 'localhost' (Got an error reading communication packets)
2025-01-16 19:51:34 165 [Warning] Aborted connection 165 to db: 'mydb' user: 'root' host: 'localhost' (Got an error reading communication packets)
2025-01-16 19:51:34 174 [Warning] Aborted connection 174 to db: 'mydb' user: 'root' host: 'localhost' (Got an error reading communication packets)
2025-01-16 19:51:34 176 [Warning] Aborted connection 176 to db: 'mydb' user: 'root' host: 'localhost' (Got an error reading communication packets)
2025-01-16 19:51:34 172 [Warning] Aborted connection 172 to db: 'mydb' user: 'root' host: 'localhost' (Got an error reading communication packets)
2025-01-16 19:51:34 160 [Warning] Aborted connection 160 to db: 'mydb' user: 'root' host: 'localhost' (Got an error reading communication packets)
2025-01-16 19:51:34 159 [Warning] Aborted connection 159 to db: 'mydb' user: 'root' host: 'localhost' (Got an error reading communication packets)
2025-01-16 19:51:34 167 [Warning] Aborted connection 167 to db: 'mydb' user: 'root' host: 'localhost' (Got an error reading communication packets)
2025-01-17  2:56:32 157 [Warning] Aborted connection 157 to db: 'unconnected' user: 'root' host: 'localhost' (Got timeout reading communication packets)
2025-01-17  2:56:32 156 [Warning] Aborted connection 156 to db: 'unconnected' user: 'root' host: 'localhost' (Got timeout reading communication packets)
2025-01-17  2:58:33 158 [Warning] Aborted connection 158 to db: 'mydb' user: 'root' host: 'localhost' (Got timeout reading communication packets)
2025-02-03  9:49:34 0 [Note] Starting MariaDB 10.6.20-MariaDB source revision f00711bba2cd383825d0be1867f7d7d7f641c9e4 server_uid mmk0Cek2F2Utp25tIGo7giOha1A= as process 6892
2025-02-03  9:49:34 0 [Note] mysqld.exe: Aria engine: starting recovery
recovered pages: 0% 36% 50% 93% 100% (0.0 seconds); tables to flush: 2 1 0
 (0.0 seconds); 
2025-02-03  9:49:34 0 [Note] mysqld.exe: Aria engine: recovery done
2025-02-03  9:49:34 0 [Note] InnoDB: Compressed tables use zlib 1.3.1
2025-02-03  9:49:34 0 [Note] InnoDB: Number of pools: 1
2025-02-03  9:49:34 0 [Note] InnoDB: Using crc32 + pclmulqdq instructions
2025-02-03  9:49:34 0 [Note] InnoDB: Initializing buffer pool, total size = 4294967296, chunk size = 134217728
2025-02-03  9:49:34 0 [Note] InnoDB: Completed initialization of buffer pool
2025-02-03  9:49:34 0 [Note] InnoDB: Starting crash recovery from checkpoint LSN=47525,47525
2025-02-03  9:49:34 0 [Note] InnoDB: To recover: 29 pages
2025-02-03  9:49:34 0 [Note] InnoDB: 128 rollback segments are active.
2025-02-03  9:49:34 0 [Note] InnoDB: Removed temporary tablespace data file: "./ibtmp1"
2025-02-03  9:49:34 0 [Note] InnoDB: Creating shared tablespace for temporary tables
2025-02-03  9:49:34 0 [Note] InnoDB: Setting file './ibtmp1' size to 12 MB. Physically writing the file full; Please wait ...
2025-02-03  9:49:34 0 [Note] InnoDB: File './ibtmp1' size is now 12 MB.
2025-02-03  9:49:34 0 [Note] InnoDB: 10.6.20 started; log sequence number 92203; transaction id 130
2025-02-03  9:49:34 0 [Note] InnoDB: Loading buffer pool(s) from C:\Program Files\MariaDB 10.6\data\ib_buffer_pool
2025-02-03  9:49:34 0 [Note] Plugin 'FEEDBACK' is disabled.
2025-02-03  9:49:34 0 [Note] InnoDB: Buffer pool(s) load completed at 250203  9:49:34
2025-02-03  9:49:34 0 [Note] Server socket created on IP: '::'.
2025-02-03  9:49:34 0 [Note] Server socket created on IP: '0.0.0.0'.
2025-02-03  9:49:35 0 [Note] C:\Program Files\MariaDB 10.6\bin\mysqld.exe: ready for connections.
Version: '10.6.20-MariaDB'  socket: ''  port: 3307  mariadb.org binary distribution
2025-02-04 16:31:26 0 [Note] Windows service "MariaDB":  received SERVICE_CONTROL_SHUTDOWN
2025-02-04 16:31:26 0 [Note] C:\Program Files\MariaDB 10.6\bin\mysqld.exe (initiated by: unknown): Normal shutdown
2025-02-04 16:31:26 0 [Note] InnoDB: FTS optimize thread exiting.
2025-02-04 16:31:26 0 [Note] InnoDB: Starting shutdown...
2025-02-04 16:31:26 0 [Note] InnoDB: Dumping buffer pool(s) to C:\Program Files\MariaDB 10.6\data\ib_buffer_pool
2025-02-04 16:31:26 0 [Note] InnoDB: Buffer pool(s) dump completed at 250204 16:31:26
2025-02-04 16:31:26 0 [Note] InnoDB: Removed temporary tablespace data file: "./ibtmp1"
2025-02-04 16:31:26 0 [Note] InnoDB: Shutdown completed; log sequence number 92515; transaction id 131
2025-02-04 16:31:26 0 [Note] C:\Program Files\MariaDB 10.6\bin\mysqld.exe: Shutdown complete

2025-02-04 16:31:53 0 [Note] Starting MariaDB 10.6.20-MariaDB source revision f00711bba2cd383825d0be1867f7d7d7f641c9e4 server_uid mmk0Cek2F2Utp25tIGo7giOha1A= as process 6972
2025-02-04 16:31:53 0 [Note] InnoDB: Compressed tables use zlib 1.3.1
2025-02-04 16:31:53 0 [Note] InnoDB: Number of pools: 1
2025-02-04 16:31:53 0 [Note] InnoDB: Using crc32 + pclmulqdq instructions
2025-02-04 16:31:53 0 [Note] InnoDB: Initializing buffer pool, total size = 4294967296, chunk size = 134217728
2025-02-04 16:31:53 0 [Note] InnoDB: Completed initialization of buffer pool
2025-02-04 16:31:53 0 [Note] InnoDB: 128 rollback segments are active.
2025-02-04 16:31:53 0 [Note] InnoDB: Creating shared tablespace for temporary tables
2025-02-04 16:31:53 0 [Note] InnoDB: Setting file './ibtmp1' size to 12 MB. Physically writing the file full; Please wait ...
2025-02-04 16:31:53 0 [Note] InnoDB: File './ibtmp1' size is now 12 MB.
2025-02-04 16:31:53 0 [Note] InnoDB: 10.6.20 started; log sequence number 92515; transaction id 130
2025-02-04 16:31:53 0 [Note] InnoDB: Loading buffer pool(s) from C:\Program Files\MariaDB 10.6\data\ib_buffer_pool
2025-02-04 16:31:53 0 [Note] Plugin 'FEEDBACK' is disabled.
2025-02-04 16:31:53 0 [Note] InnoDB: Buffer pool(s) load completed at 250204 16:31:53
2025-02-04 16:31:53 0 [Note] Server socket created on IP: '::'.
2025-02-04 16:31:53 0 [Note] Server socket created on IP: '0.0.0.0'.
2025-02-04 16:31:53 0 [Note] C:\Program Files\MariaDB 10.6\bin\mysqld.exe: ready for connections.
Version: '10.6.20-MariaDB'  socket: ''  port: 3307  mariadb.org binary distribution
2025-02-04 16:53:59 0 [Note] Windows service "MariaDB":  received SERVICE_CONTROL_SHUTDOWN
2025-02-04 16:53:59 0 [Note] C:\Program Files\MariaDB 10.6\bin\mysqld.exe (initiated by: unknown): Normal shutdown
2025-02-04 16:53:59 0 [Note] InnoDB: FTS optimize thread exiting.
2025-02-04 16:53:59 0 [Note] InnoDB: Starting shutdown...
2025-02-04 16:53:59 0 [Note] InnoDB: Dumping buffer pool(s) to C:\Program Files\MariaDB 10.6\data\ib_buffer_pool
2025-02-04 16:53:59 0 [Note] InnoDB: Buffer pool(s) dump completed at 250204 16:53:59
2025-02-04 16:53:59 0 [Note] InnoDB: Removed temporary tablespace data file: "./ibtmp1"
2025-02-04 16:53:59 0 [Note] InnoDB: Shutdown completed; log sequence number 92527; transaction id 131
2025-02-04 16:53:59 0 [Note] C:\Program Files\MariaDB 10.6\bin\mysqld.exe: Shutdown complete

2025-02-04 16:54:28 0 [Note] Starting MariaDB 10.6.20-MariaDB source revision f00711bba2cd383825d0be1867f7d7d7f641c9e4 server_uid mmk0Cek2F2Utp25tIGo7giOha1A= as process 6616
2025-02-04 16:54:28 0 [Note] InnoDB: Compressed tables use zlib 1.3.1
2025-02-04 16:54:28 0 [Note] InnoDB: Number of pools: 1
2025-02-04 16:54:28 0 [Note] InnoDB: Using crc32 + pclmulqdq instructions
2025-02-04 16:54:28 0 [Note] InnoDB: Initializing buffer pool, total size = 4294967296, chunk size = 134217728
2025-02-04 16:54:28 0 [Note] InnoDB: Completed initialization of buffer pool
2025-02-04 16:54:28 0 [Note] InnoDB: 128 rollback segments are active.
2025-02-04 16:54:28 0 [Note] InnoDB: Creating shared tablespace for temporary tables
2025-02-04 16:54:28 0 [Note] InnoDB: Setting file './ibtmp1' size to 12 MB. Physically writing the file full; Please wait ...
2025-02-04 16:54:28 0 [Note] InnoDB: File './ibtmp1' size is now 12 MB.
2025-02-04 16:54:28 0 [Note] InnoDB: 10.6.20 started; log sequence number 92527; transaction id 130
2025-02-04 16:54:28 0 [Note] Plugin 'FEEDBACK' is disabled.
2025-02-04 16:54:28 0 [Note] InnoDB: Loading buffer pool(s) from C:\Program Files\MariaDB 10.6\data\ib_buffer_pool
2025-02-04 16:54:28 0 [Note] Server socket created on IP: '::'.
2025-02-04 16:54:28 0 [Note] Server socket created on IP: '0.0.0.0'.
2025-02-04 16:54:28 0 [Note] InnoDB: Buffer pool(s) load completed at 250204 16:54:28
2025-02-04 16:54:28 0 [Note] C:\Program Files\MariaDB 10.6\bin\mysqld.exe: ready for connections.
Version: '10.6.20-MariaDB'  socket: ''  port: 3307  mariadb.org binary distribution
